
11-11-2020 07:06:04 [notice] SITEDOC_1.xml file not exists!
11-11-2020 07:06:13 [notice] SITEDOC_173.xml file uploaded
11-11-2020 07:06:45 [error] SITEDOC_1.xml file not exists!
11-11-2020 07:14:55 [notice] SITEDOC_173.xml file uploaded
11-11-2020 07:19:30 [error] SITEDOC_1.xml file not exists!
11-11-2020 07:19:34 [notice] SITEDOC_173.xml file uploaded
11-11-2020 07:20:08 [notice] Sync files complate
11-11-2020 07:27:23 [error] Sync files Error, folder not exists!
11-11-2020 07:27:41 [error] Sync files Error, folder not exists!
11-11-2020 07:28:08 [error] Sync files Error, folder not exists!
11-11-2020 07:29:35 [notice] ITEMS.XML Synced!
11-11-2020 07:29:36 [notice] CUSTOMERS.XML Synced!
11-11-2020 07:29:36 [notice] Sync files complate
11-11-2020 09:54:43 [error] New order created! SITEDOC_174xml
11-11-2020 10:03:20 [error] SITEDOC_1.xml file not exists!
11-11-2020 10:17:49 [error] SITEDOC_1.xml file not exists!
11-11-2020 10:18:49 [error] SITEDOC_1.xml file not exists!
11-11-2020 10:28:45 [error] SITEDOC_1.xml file not exists!
11-11-2020 10:29:09 [error] Sync files Error, folder not exists!
11-11-2020 10:29:13 [error] Sync files Error, folder not exists!
11-11-2020 10:32:17 [error] SITEDOC_1.xml file not exists!
11-11-2020 10:33:19 [error] SITEDOC_1.xml file not exists!
11-11-2020 10:35:00 [error] SITEDOC_1.xml file not exists!
11-11-2020 10:47:07 [error] SITEDOC_1.xml file not exists!
11-11-2020 10:47:11 [notice] SITEDOC_173.xml file uploaded
